<?xml version="1.0" encoding="UTF-8"?>
<testsuite name="FizzBuzzTests" tests="1" skipped="0" failures="0" errors="0" timestamp="2021-08-31T13:16:44" hostname="FDG-C02WQ0S9HV2T" time="0.049">
  <properties/>
  <testcase name="fizzBuzzSolutionTests()" classname="FizzBuzzTests" time="0.049"/>
  <system-out><![CDATA[]]></system-out>
  <system-err><![CDATA[]]></system-err>
</testsuite>
